<?xml version="1.0" encoding="UTF-8"?>
<!-- Generated by org.testng.reporters.JUnitReportReporter -->
<testsuite hostname="DESKTOP-K4C2197" failures="0" tests="1" name="testCaseRepo.TC_002" time="30.372" errors="0" timestamp="2025-03-22T09:41:38 IST" skipped="0">
  <testcase classname="testCaseRepo.TC_002" name="Leads_002" time="30.372">
    <system-out>
      <![CDATA[Leads_002 On Test Start executed
Leads_002 On Test Success executed]]>
    </system-out>
  </testcase> <!-- Leads_002 -->
  <system-out>
    <![CDATA[CON_001 On Test Start executed
Leads_002 On Test Start executed
CON_001 On Test Success executed
Leads_002 On Test Success executed]]>
  </system-out>
</testsuite> <!-- testCaseRepo.TC_002 -->
