<?xml version="1.0" encoding="UTF-8"?>
<!-- Generated by org.testng.reporters.JUnitReportReporter -->
<testsuite hostname="DESKTOP-K4C2197" failures="0" tests="7" name="Sample.Test1" time="0.044" errors="0" timestamp="2025-03-13T10:42:19 IST" skipped="2">
  <testcase classname="Sample.Test1" name="addUser" time="0.020"/>
  <testcase classname="Sample.Test1" name="deleteUser" time="0.004"/>
  <testcase classname="Sample.Test1" name="createUser1" time="0.004"/>
  <testcase classname="Sample.Test1" name="createUser" time="0.007"/>
  <testcase classname="Sample.Test1" name="createUser" time="0.009"/>
  <testcase classname="Sample.Test1" name="removeUser2">
    <skipped/>
  </testcase> <!-- removeUser2 -->
  <testcase classname="Sample.Test1" name="removeUser">
    <skipped/>
  </testcase> <!-- removeUser -->
</testsuite> <!-- Sample.Test1 -->
