<?xml version="1.0" encoding="UTF-8"?>
<!-- Generated by org.testng.reporters.JUnitReportReporter -->
<testsuite hostname="DESKTOP-K4C2197" failures="0" tests="1" name="testCaseRepo.TC_005" time="26.954" errors="0" timestamp="2025-03-19T10:29:56 IST" skipped="0">
  <testcase classname="testCaseRepo.TC_005" name="Con_001" time="26.954"/>
</testsuite> <!-- testCaseRepo.TC_005 -->
