<?xml version="1.0" encoding="UTF-8"?>
<!-- Generated by org.testng.reporters.JUnitReportReporter -->
<testsuite hostname="DESKTOP-K4C2197" failures="0" tests="4" name="Sample.TestNGPractice" time="0.044" errors="0" timestamp="2025-03-13T10:29:59 IST" skipped="0">
  <testcase classname="Sample.TestNGPractice" name="deletedUser" time="0.031"/>
  <testcase classname="Sample.TestNGPractice" name="addedUser" time="0.004"/>
  <testcase classname="Sample.TestNGPractice" name="createUser" time="0.004"/>
  <testcase classname="Sample.TestNGPractice" name="modifyUser" time="0.005"/>
</testsuite> <!-- Sample.TestNGPractice -->
