<?xml version="1.0" encoding="UTF-8"?>
<!-- Generated by org.testng.reporters.JUnitReportReporter -->
<testsuite hostname="DESKTOP-K4C2197" failures="0" tests="1" name="testCaseRepo.TC_003" time="35.825" errors="0" timestamp="2025-03-26T10:24:07 IST" skipped="0">
  <testcase classname="testCaseRepo.TC_003" name="Leads_003" time="35.825">
    <system-out>
      <![CDATA[Leads_003 On Test Start executed
Leads_003 On Test Success executed]]>
    </system-out>
  </testcase> <!-- Leads_003 -->
  <system-out>
    <![CDATA[Leads_003 On Test Start executed
Leads_003 On Test Success executed]]>
  </system-out>
</testsuite> <!-- testCaseRepo.TC_003 -->
