<?xml version="1.0" encoding="UTF-8"?>
<!-- Generated by org.testng.reporters.JUnitReportReporter -->
<testsuite hostname="DESKTOP-K4C2197" failures="0" tests="1" name="testCaseRepo.TC_001Test" time="38.761" errors="0" timestamp="2025-03-25T10:19:55 IST" skipped="0">
  <testcase classname="testCaseRepo.TC_001Test" name="Leads_001" time="38.761">
    <system-out>
      <![CDATA[Leads_001 On Test Start executed
Leads_001 On Test Success executed]]>
    </system-out>
  </testcase> <!-- Leads_001 -->
  <system-out>
    <![CDATA[addUser On Test Start executed
addUser On Test Success executed
deleteUser On Test Start executed
deleteUser On Test Success executed
createUser1 On Test Start executed
createUser1 On Test Success executed
createUser On Test Start executed
createUser On Test Success executed
createUser On Test Start executed
createUser On Test Success executed
deletedUser On Test Start executed
deletedUser On Test Success executed
addedUser On Test Start executed
addedUser On Test Success executed
createUser On Test Start executed
createUser On Test Success executed
modifyUser On Test Start executed
modifyUser On Test Success executed
Leads_001 On Test Start executed
Leads_001 On Test Success executed]]>
  </system-out>
</testsuite> <!-- testCaseRepo.TC_001Test -->
