<?xml version="1.0" encoding="UTF-8"?>
<!-- Generated by org.testng.reporters.JUnitReportReporter -->
<testsuite hostname="DESKTOP-K4C2197" failures="0" tests="1" name="testCaseRepo.TC_001" time="23.442" errors="0" timestamp="2025-03-26T09:34:26 IST" skipped="0">
  <testcase classname="testCaseRepo.TC_001" name="Leads_001" time="23.442">
    <system-out>
      <![CDATA[Leads_001 On Test Start executed
Leads_001 On Test Success executed]]>
    </system-out>
  </testcase> <!-- Leads_001 -->
  <system-out>
    <![CDATA[Leads_003 On Test Start executed
Leads_003 On Test Success executed
sample On Test Start executed
sample On Test Success executed
Leads_001 On Test Start executed
Leads_001 On Test Success executed
Con_001 On Test Start executed
Con_001 On Test Success executed
CON_001 On Test Start executed
CON_001 On Test Success executed]]>
  </system-out>
</testsuite> <!-- testCaseRepo.TC_001 -->
