<?xml version="1.0" encoding="UTF-8"?>
<!-- Generated by org.testng.reporters.JUnitReportReporter -->
<testsuite hostname="DESKTOP-K4C2197" failures="0" tests="1" name="testCaseRepo.TC_002" time="23.192" errors="0" timestamp="2025-03-25T10:35:55 IST" skipped="0">
  <testcase classname="testCaseRepo.TC_002" name="Leads_002" time="23.192"/>
</testsuite> <!-- testCaseRepo.TC_002 -->
